2019-07-09 15:13:13,001 [code_practice.Sortfunction.initialize] - Driver initialized successfully
2019-07-09 15:13:18,081 [code_practice.Sortfunction.initialize] - successfully launched URL
2019-07-09 15:13:20,063 [code_practice.Sortfunction.initialize] - sucessfully logged into the application
2019-07-09 17:19:03,464 [code_practice.Sortfunction.initialize] - Driver initialized successfully
2019-07-09 17:19:17,988 [code_practice.Sortfunction.initialize] - successfully launched URL
2019-07-09 17:19:21,545 [code_practice.Sortfunction.initialize] - sucessfully logged into the application
2019-07-09 17:21:34,756 [code_practice.Sortfunction.initialize] - Driver initialized successfully
2019-07-09 17:21:45,652 [code_practice.Sortfunction.initialize] - successfully launched URL
2019-07-09 17:21:47,531 [code_practice.Sortfunction.initialize] - sucessfully logged into the application
2019-07-09 17:25:20,260 [code_practice.Sortfunction.initialize] - Driver initialized successfully
2019-07-09 17:25:35,607 [code_practice.Sortfunction.initialize] - successfully launched URL
2019-07-09 17:25:37,435 [code_practice.Sortfunction.initialize] - sucessfully logged into the application
2019-07-09 17:57:42,786 [code_practice.Sortfunction.initialize] - Driver initialized successfully
2019-07-09 17:57:54,117 [code_practice.Sortfunction.initialize] - successfully launched URL
2019-07-09 17:57:55,902 [code_practice.Sortfunction.initialize] - sucessfully logged into the application
2019-07-09 17:59:57,031 [code_practice.Sortfunction.initialize] - Driver initialized successfully
2019-07-09 18:00:05,385 [code_practice.Sortfunction.initialize] - successfully launched URL
2019-07-09 18:00:07,478 [code_practice.Sortfunction.initialize] - sucessfully logged into the application
2019-07-09 18:03:15,215 [code_practice.Sortfunction.initialize] - Driver initialized successfully
2019-07-09 18:03:26,480 [code_practice.Sortfunction.initialize] - successfully launched URL
2019-07-09 18:03:28,404 [code_practice.Sortfunction.initialize] - sucessfully logged into the application
2019-07-09 18:15:21,784 [code_practice.Sortfunction.initialize] - Driver initialized successfully
2019-07-09 18:15:30,215 [code_practice.Sortfunction.initialize] - successfully launched URL
2019-07-09 18:15:32,037 [code_practice.Sortfunction.initialize] - sucessfully logged into the application
2019-07-09 18:16:58,558 [code_practice.Sortfunction.initialize] - Driver initialized successfully
2019-07-09 18:17:15,731 [code_practice.Sortfunction.initialize] - successfully launched URL
2019-07-09 18:17:17,501 [code_practice.Sortfunction.initialize] - sucessfully logged into the application
2019-07-09 18:19:56,140 [code_practice.Sortfunction.initialize] - Driver initialized successfully
2019-07-09 18:20:15,674 [code_practice.Sortfunction.initialize] - successfully launched URL
2019-07-09 18:20:17,397 [code_practice.Sortfunction.initialize] - sucessfully logged into the application
2019-07-09 18:22:02,808 [code_practice.Sortfunction.initialize] - Driver initialized successfully
2019-07-09 18:22:11,502 [code_practice.Sortfunction.initialize] - successfully launched URL
2019-07-09 18:22:13,340 [code_practice.Sortfunction.initialize] - sucessfully logged into the application
2019-07-09 18:25:14,876 [code_practice.Sortfunction.initialize] - Driver initialized successfully
2019-07-09 18:25:46,360 [code_practice.Sortfunction.initialize] - successfully launched URL
2019-07-09 18:26:03,060 [code_practice.Sortfunction.initialize] - Driver initialized successfully
2019-07-09 18:26:12,967 [code_practice.Sortfunction.initialize] - successfully launched URL
2019-07-09 18:26:14,817 [code_practice.Sortfunction.initialize] - sucessfully logged into the application
2019-07-09 18:27:43,781 [code_practice.Sortfunction.initialize] - Driver initialized successfully
2019-07-09 18:27:55,011 [code_practice.Sortfunction.initialize] - successfully launched URL
2019-07-09 18:27:56,747 [code_practice.Sortfunction.initialize] - sucessfully logged into the application
2019-07-10 16:58:37,862 [code_practice.Sortfunction.initialize] - Driver initialized successfully
2019-07-10 16:58:47,492 [code_practice.Sortfunction.initialize] - successfully launched URL
2019-07-10 16:58:56,316 [code_practice.Sortfunction.initialize] - sucessfully logged into the application
2019-07-10 17:06:19,351 [code_practice.Sortfunction.initialize] - Driver initialized successfully
2019-07-10 17:06:25,420 [code_practice.Sortfunction.initialize] - successfully launched URL
2019-07-10 17:06:27,246 [code_practice.Sortfunction.initialize] - sucessfully logged into the application
2019-07-10 17:10:40,902 [code_practice.Sortfunction.initialize] - Driver initialized successfully
2019-07-10 17:10:48,657 [code_practice.Sortfunction.initialize] - successfully launched URL
2019-07-10 17:10:50,500 [code_practice.Sortfunction.initialize] - sucessfully logged into the application
2019-07-10 17:16:32,445 [code_practice.Sortfunction.initialize] - Driver initialized successfully
2019-07-10 17:16:41,615 [code_practice.Sortfunction.initialize] - successfully launched URL
2019-07-10 17:17:02,120 [code_practice.Sortfunction.initialize] - Driver initialized successfully
2019-07-10 17:17:24,170 [code_practice.Sortfunction.initialize] - successfully launched URL
2019-07-10 17:17:26,710 [code_practice.Sortfunction.initialize] - sucessfully logged into the application
2019-07-10 17:22:32,407 [code_practice.Sortfunction.initialize] - Driver initialized successfully
2019-07-10 17:22:36,836 [code_practice.Sortfunction.initialize] - successfully launched URL
2019-07-10 17:22:38,715 [code_practice.Sortfunction.initialize] - sucessfully logged into the application
2019-07-10 17:23:33,657 [code_practice.Sortfunction.initialize] - Driver initialized successfully
2019-07-10 17:23:40,517 [code_practice.Sortfunction.initialize] - successfully launched URL
2019-07-10 17:23:42,323 [code_practice.Sortfunction.initialize] - sucessfully logged into the application
2019-07-10 17:26:04,822 [code_practice.Sortfunction.initialize] - Driver initialized successfully
2019-07-10 17:26:10,981 [code_practice.Sortfunction.initialize] - successfully launched URL
2019-07-10 17:26:12,824 [code_practice.Sortfunction.initialize] - sucessfully logged into the application
2019-07-10 17:27:35,497 [code_practice.Sortfunction.initialize] - Driver initialized successfully
2019-07-10 17:27:41,192 [code_practice.Sortfunction.initialize] - successfully launched URL
2019-07-10 17:27:43,003 [code_practice.Sortfunction.initialize] - sucessfully logged into the application
2019-07-10 17:28:32,949 [code_practice.Sortfunction.initialize] - Driver initialized successfully
2019-07-10 17:28:38,244 [code_practice.Sortfunction.initialize] - successfully launched URL
2019-07-10 17:28:40,047 [code_practice.Sortfunction.initialize] - sucessfully logged into the application
2019-07-10 17:30:58,879 [code_practice.Sortfunction.initialize] - Driver initialized successfully
2019-07-10 17:31:05,354 [code_practice.Sortfunction.initialize] - successfully launched URL
2019-07-10 17:31:07,231 [code_practice.Sortfunction.initialize] - sucessfully logged into the application
2019-07-10 17:33:01,793 [code_practice.Sortfunction.initialize] - Driver initialized successfully
2019-07-10 17:33:07,950 [code_practice.Sortfunction.initialize] - successfully launched URL
2019-07-10 17:33:09,937 [code_practice.Sortfunction.initialize] - sucessfully logged into the application
2019-07-10 17:39:10,156 [code_practice.Sortfunction.initialize] - Driver initialized successfully
2019-07-10 17:39:15,890 [code_practice.Sortfunction.initialize] - successfully launched URL
2019-07-10 17:39:17,657 [code_practice.Sortfunction.initialize] - sucessfully logged into the application
2019-07-10 17:43:14,148 [code_practice.Sortfunction.initialize] - Driver initialized successfully
2019-07-10 17:43:18,940 [code_practice.Sortfunction.initialize] - successfully launched URL
2019-07-10 17:43:20,772 [code_practice.Sortfunction.initialize] - sucessfully logged into the application
2019-07-10 17:45:32,764 [code_practice.Sortfunction.initialize] - Driver initialized successfully
2019-07-10 17:45:40,697 [code_practice.Sortfunction.initialize] - successfully launched URL
2019-07-10 17:45:42,757 [code_practice.Sortfunction.initialize] - sucessfully logged into the application
2019-07-10 17:46:21,733 [code_practice.Sortfunction.initialize] - Driver initialized successfully
2019-07-10 17:46:28,616 [code_practice.Sortfunction.initialize] - successfully launched URL
2019-07-10 17:46:30,357 [code_practice.Sortfunction.initialize] - sucessfully logged into the application
2019-07-10 18:12:20,169 [code_practice.Sortfunction.initialize] - Driver initialized successfully
2019-07-10 18:12:26,827 [code_practice.Sortfunction.initialize] - successfully launched URL
2019-07-10 18:12:28,752 [code_practice.Sortfunction.initialize] - sucessfully logged into the application
2019-07-10 18:15:15,163 [code_practice.Sortfunction.initialize] - Driver initialized successfully
2019-07-10 18:15:22,371 [code_practice.Sortfunction.initialize] - successfully launched URL
2019-07-10 18:15:24,193 [code_practice.Sortfunction.initialize] - sucessfully logged into the application
2019-07-10 18:17:29,435 [code_practice.Sortfunction.initialize] - Driver initialized successfully
2019-07-10 18:17:37,104 [code_practice.Sortfunction.initialize] - successfully launched URL
2019-07-10 18:17:39,004 [code_practice.Sortfunction.initialize] - sucessfully logged into the application
2019-07-10 18:23:05,469 [code_practice.Sortfunction.initialize] - Driver initialized successfully
2019-07-10 18:23:13,402 [code_practice.Sortfunction.initialize] - successfully launched URL
2019-07-10 18:23:15,254 [code_practice.Sortfunction.initialize] - sucessfully logged into the application
2019-07-10 18:26:42,718 [code_practice.Sortfunction.initialize] - Driver initialized successfully
2019-07-10 18:26:50,226 [code_practice.Sortfunction.initialize] - successfully launched URL
2019-07-10 18:26:52,086 [code_practice.Sortfunction.initialize] - sucessfully logged into the application
2019-07-10 18:32:32,682 [code_practice.Sortfunction.initialize] - Driver initialized successfully
2019-07-10 18:32:38,970 [code_practice.Sortfunction.initialize] - successfully launched URL
2019-07-10 18:32:40,802 [code_practice.Sortfunction.initialize] - sucessfully logged into the application
2019-07-10 18:39:30,762 [code_practice.Sortfunction.initialize] - Driver initialized successfully
2019-07-10 18:39:39,274 [code_practice.Sortfunction.initialize] - successfully launched URL
2019-07-10 18:39:41,125 [code_practice.Sortfunction.initialize] - sucessfully logged into the application
2019-07-11 09:32:32,579 [code_practice.Sortfunction.initialize] - Driver initialized successfully
2019-07-11 09:32:40,729 [code_practice.Sortfunction.initialize] - successfully launched URL
2019-07-11 09:32:47,830 [code_practice.Sortfunction.initialize] - sucessfully logged into the application
2019-07-11 09:35:45,660 [code_practice.Sortfunction.initialize] - Driver initialized successfully
2019-07-11 09:35:51,058 [code_practice.Sortfunction.initialize] - successfully launched URL
2019-07-11 09:35:52,913 [code_practice.Sortfunction.initialize] - sucessfully logged into the application
2019-07-11 09:47:33,454 [code_practice.Sortfunction.initialize] - Driver initialized successfully
2019-07-11 09:47:41,411 [code_practice.Sortfunction.initialize] - successfully launched URL
2019-07-11 09:47:43,320 [code_practice.Sortfunction.initialize] - sucessfully logged into the application
2019-07-11 09:52:30,680 [code_practice.Sortfunction.initialize] - Driver initialized successfully
2019-07-11 09:52:36,949 [code_practice.Sortfunction.initialize] - successfully launched URL
2019-07-11 09:52:39,046 [code_practice.Sortfunction.initialize] - sucessfully logged into the application
2019-07-11 10:29:45,125 [code_practice.Sorting1.initialize] - Driver initialized successfully
2019-07-11 10:29:53,218 [code_practice.Sorting1.initialize] - successfully launched URL
2019-07-11 10:29:56,401 [code_practice.Sorting1.initialize] - sucessfully logged into the application
2019-07-11 10:50:40,235 [code_practice.Sortfunction.initialize] - Driver initialized successfully
2019-07-11 10:50:45,777 [code_practice.Sortfunction.initialize] - successfully launched URL
2019-07-11 10:50:48,863 [code_practice.Sortfunction.initialize] - sucessfully logged into the application
2019-07-11 10:53:21,818 [code_practice.Sortfunction.initialize] - Driver initialized successfully
2019-07-11 10:53:28,236 [code_practice.Sortfunction.initialize] - successfully launched URL
2019-07-11 10:53:30,163 [code_practice.Sortfunction.initialize] - sucessfully logged into the application
2019-07-11 10:57:46,787 [code_practice.Sortfunction.initialize] - Driver initialized successfully
2019-07-11 10:57:54,718 [code_practice.Sortfunction.initialize] - successfully launched URL
2019-07-11 10:57:56,664 [code_practice.Sortfunction.initialize] - sucessfully logged into the application
2019-07-11 11:03:00,986 [code_practice.Sortfunction.initialize] - Driver initialized successfully
2019-07-11 11:03:18,480 [code_practice.Sortfunction.initialize] - successfully launched URL
2019-07-11 11:03:20,539 [code_practice.Sortfunction.initialize] - sucessfully logged into the application
2019-07-11 11:10:55,380 [code_practice.Sortfunction.initialize] - Driver initialized successfully
2019-07-11 11:11:01,909 [code_practice.Sortfunction.initialize] - successfully launched URL
2019-07-11 11:11:03,943 [code_practice.Sortfunction.initialize] - sucessfully logged into the application
2019-07-11 11:18:18,732 [code_practice.Sortfunction.initialize] - Driver initialized successfully
2019-07-11 11:18:25,169 [code_practice.Sortfunction.initialize] - successfully launched URL
2019-07-11 11:18:27,208 [code_practice.Sortfunction.initialize] - sucessfully logged into the application
2019-07-11 11:23:10,193 [code_practice.Sortfunction.initialize] - Driver initialized successfully
2019-07-11 11:23:16,252 [code_practice.Sortfunction.initialize] - successfully launched URL
2019-07-11 11:23:18,171 [code_practice.Sortfunction.initialize] - sucessfully logged into the application
2019-07-11 11:28:07,457 [code_practice.Sortfunction.initialize] - Driver initialized successfully
2019-07-11 11:28:17,646 [code_practice.Sortfunction.initialize] - successfully launched URL
2019-07-11 11:28:19,559 [code_practice.Sortfunction.initialize] - sucessfully logged into the application
2019-07-11 11:35:01,386 [code_practice.Sortfunction.initialize] - Driver initialized successfully
2019-07-11 11:35:15,827 [code_practice.Sortfunction.initialize] - successfully launched URL
2019-07-11 11:35:21,544 [code_practice.Sortfunction.initialize] - sucessfully logged into the application
2019-07-11 11:43:41,605 [code_practice.Sorting1.initialize] - Driver initialized successfully
2019-07-11 11:43:46,935 [code_practice.Sorting1.initialize] - successfully launched URL
2019-07-11 11:43:49,780 [code_practice.Sorting1.initialize] - sucessfully logged into the application
2019-07-11 11:46:36,473 [code_practice.Sorting1.initialize] - Driver initialized successfully
2019-07-11 11:46:49,297 [code_practice.Sorting1.initialize] - successfully launched URL
2019-07-11 11:46:52,740 [code_practice.Sorting1.initialize] - sucessfully logged into the application
2019-07-11 11:48:35,576 [code_practice.Sorting1.initialize] - Driver initialized successfully
2019-07-11 11:48:40,830 [code_practice.Sorting1.initialize] - successfully launched URL
2019-07-11 11:48:42,851 [code_practice.Sorting1.initialize] - sucessfully logged into the application
2019-07-11 11:51:14,318 [code_practice.Sorting1.initialize] - Driver initialized successfully
2019-07-11 11:51:26,376 [code_practice.Sorting1.initialize] - successfully launched URL
2019-07-11 11:51:28,977 [code_practice.Sorting1.initialize] - sucessfully logged into the application
2019-07-11 11:52:37,339 [code_practice.Sorting1.initialize] - Driver initialized successfully
2019-07-11 11:52:42,805 [code_practice.Sorting1.initialize] - successfully launched URL
2019-07-11 11:52:44,633 [code_practice.Sorting1.initialize] - sucessfully logged into the application
2019-07-11 11:55:08,213 [code_practice.Sorting1.initialize] - Driver initialized successfully
2019-07-11 11:55:16,067 [code_practice.Sorting1.initialize] - successfully launched URL
2019-07-11 11:55:18,026 [code_practice.Sorting1.initialize] - sucessfully logged into the application
2019-07-11 12:06:34,617 [code_practice.Sorting1.initialize] - Driver initialized successfully
2019-07-11 12:06:45,867 [code_practice.Sorting1.initialize] - successfully launched URL
2019-07-11 12:06:48,389 [code_practice.Sorting1.initialize] - sucessfully logged into the application
2019-07-11 12:37:00,928 [code_practice.Sorting1.initialize] - Driver initialized successfully
2019-07-11 12:37:10,558 [code_practice.Sorting1.initialize] - successfully launched URL
2019-07-11 12:37:13,582 [code_practice.Sorting1.initialize] - sucessfully logged into the application
2019-07-11 12:39:58,044 [code_practice.Sorting1.initialize] - Driver initialized successfully
2019-07-11 12:40:22,538 [code_practice.Sorting1.initialize] - successfully launched URL
2019-07-11 12:40:25,379 [code_practice.Sorting1.initialize] - sucessfully logged into the application
2019-07-11 15:30:46,900 [code_practice.Sorting1.initialize] - Driver initialized successfully
2019-07-11 15:31:12,602 [code_practice.Sorting1.initialize] - successfully launched URL
2019-07-11 15:31:19,799 [code_practice.Sorting1.initialize] - sucessfully logged into the application
2019-07-11 15:33:28,069 [code_practice.Sorting1.initialize] - Driver initialized successfully
2019-07-11 15:33:35,286 [code_practice.Sorting1.initialize] - successfully launched URL
2019-07-11 15:33:37,449 [code_practice.Sorting1.initialize] - sucessfully logged into the application
2019-07-11 15:36:14,010 [code_practice.Sorting1.initialize] - Driver initialized successfully
2019-07-11 15:36:19,286 [code_practice.Sorting1.initialize] - successfully launched URL
2019-07-11 15:36:21,167 [code_practice.Sorting1.initialize] - sucessfully logged into the application
2019-07-11 15:37:51,181 [code_practice.Sorting1.initialize] - Driver initialized successfully
2019-07-11 15:37:58,932 [code_practice.Sorting1.initialize] - successfully launched URL
2019-07-11 15:38:00,728 [code_practice.Sorting1.initialize] - sucessfully logged into the application
2019-07-11 15:39:17,019 [code_practice.Sorting1.initialize] - Driver initialized successfully
2019-07-11 15:39:23,336 [code_practice.Sorting1.initialize] - successfully launched URL
2019-07-11 15:39:25,278 [code_practice.Sorting1.initialize] - sucessfully logged into the application
2019-07-11 15:41:37,189 [code_practice.Sorting1.initialize] - Driver initialized successfully
2019-07-11 15:41:45,315 [code_practice.Sorting1.initialize] - successfully launched URL
2019-07-11 15:41:47,243 [code_practice.Sorting1.initialize] - sucessfully logged into the application
2019-07-11 15:43:56,668 [code_practice.Sorting1.initialize] - Driver initialized successfully
2019-07-11 15:44:02,967 [code_practice.Sorting1.initialize] - successfully launched URL
2019-07-11 15:44:04,855 [code_practice.Sorting1.initialize] - sucessfully logged into the application
2019-07-11 15:47:23,394 [code_practice.Sorting1.initialize] - Driver initialized successfully
2019-07-11 15:47:51,583 [code_practice.Sorting1.initialize] - successfully launched URL
2019-07-11 15:47:53,402 [code_practice.Sorting1.initialize] - sucessfully logged into the application
2019-07-11 15:49:33,399 [code_practice.Sorting1.initialize] - Driver initialized successfully
2019-07-11 15:49:38,598 [code_practice.Sorting1.initialize] - successfully launched URL
2019-07-11 15:49:40,381 [code_practice.Sorting1.initialize] - sucessfully logged into the application
2019-07-11 15:54:16,854 [code_practice.Sorting1.initialize] - Driver initialized successfully
2019-07-11 15:54:33,504 [code_practice.Sorting1.initialize] - successfully launched URL
2019-07-11 15:54:35,326 [code_practice.Sorting1.initialize] - sucessfully logged into the application
2019-07-11 15:57:15,183 [code_practice.Sorting.initialize] - Driver initialized successfully
2019-07-11 15:57:21,802 [code_practice.Sorting.initialize] - successfully launched URL
2019-07-11 15:57:23,978 [code_practice.Sorting.initialize] - sucessfully logged into the application
2019-07-11 15:59:08,016 [code_practice.Sorting.initialize] - Driver initialized successfully
2019-07-11 15:59:24,787 [code_practice.Sorting.initialize] - successfully launched URL
2019-07-11 15:59:26,568 [code_practice.Sorting.initialize] - sucessfully logged into the application
2019-07-11 16:00:52,226 [code_practice.Sorting.initialize] - Driver initialized successfully
2019-07-11 16:00:58,756 [code_practice.Sorting.initialize] - successfully launched URL
2019-07-11 16:01:00,727 [code_practice.Sorting.initialize] - sucessfully logged into the application
2019-07-11 17:00:29,666 [code_practice.Sorting.initialize] - Driver initialized successfully
2019-07-11 17:00:35,934 [code_practice.Sorting.initialize] - successfully launched URL
2019-07-11 17:00:37,993 [code_practice.Sorting.initialize] - sucessfully logged into the application
